<?xml version="1.0" encoding="UTF-8"?>
<!-- Generated by org.testng.reporters.JUnitXMLReporter -->
<testsuite ignored="1" hostname="LCE53281" failures="0" tests="6" name="Registration Tests" time="45.42" errors="0" timestamp="2022-11-09T23:30:27 CET">
  <testcase classname="rsa.Tests.ErrorRegisterTests" name="adultCheckboxNotSelectedTest" time="3.489"/>
  <testcase classname="rsa.Tests.ErrorRegisterTests" name="wrongConfirmPasswordTest" time="3.967"/>
  <testcase classname="rsa.Tests.ErrorRegisterTests" name="wrongEmailTest" time="3.92"/>
  <testcase classname="rsa.Tests.ErrorRegisterTests" name="wrongFirstNameTest" time="3.791"/>
  <testcase classname="rsa.Tests.ErrorRegisterTests" name="wrongPasswordTest" time="3.787"/>
  <testcase classname="rsa.Tests.ErrorRegisterTests" name="wrongPhoneNumberTest" time="3.549"/>
  <testcase classname="rsa.Tests.RegistrationTests" name="registerTest" time="0.0">
    <ignored/>
  </testcase> <!-- registerTest -->
</testsuite> <!-- Registration Tests -->
