<?xml version="1.0" encoding="UTF-8"?>
<!-- Generated by org.testng.reporters.JUnitXMLReporter -->
<testsuite ignored="1" hostname="LCE53281" failures="0" tests="6" name="Registration Tests" time="26.248" errors="0" timestamp="2022-11-17T14:37:01 CET">
  <testcase classname="rsa.Tests.ErrorRegisterTests" name="adultCheckboxNotSelectedTest" time="2.687"/>
  <testcase classname="rsa.Tests.ErrorRegisterTests" name="wrongConfirmPasswordTest" time="2.669"/>
  <testcase classname="rsa.Tests.ErrorRegisterTests" name="wrongEmailTest" time="2.838"/>
  <testcase classname="rsa.Tests.ErrorRegisterTests" name="wrongFirstNameTest" time="2.633"/>
  <testcase classname="rsa.Tests.ErrorRegisterTests" name="wrongPasswordTest" time="2.733"/>
  <testcase classname="rsa.Tests.ErrorRegisterTests" name="wrongPhoneNumberTest" time="3.326"/>
  <testcase classname="rsa.Tests.RegistrationTests" name="registerTest" time="0.0">
    <ignored/>
  </testcase> <!-- registerTest -->
</testsuite> <!-- Registration Tests -->
