<?xml version="1.0" encoding="UTF-8"?>
<testsuite xmlns:xsi="http://www.w3.org/2001/XMLSchema-instance" xsi:noNamespaceSchemaLocation="https://maven.apache.org/surefire/maven-surefire-plugin/xsd/surefire-test-report-3.0.xsd" version="3.0" name="TestSuite" time="54.706" tests="7" errors="0" skipped="0" failures="0">
  <properties>
[...]
</properties>
  <testcase name="validationTest" classname="rsa.Tests.ErrorLoginTests" time="3.752">
    <system-out><![CDATA[
===============================================
    E2E
    Tests run: 0, Failures: 0, Skips: 0
===============================================

]]></system-out>
    <system-err><![CDATA[SLF4J: No SLF4J providers were found.
SLF4J: Defaulting to no-operation (NOP) logger implementation
SLF4J: See https://www.slf4j.org/codes.html#noProviders for further details.
1668032973983	geckodriver	INFO	Listening on 127.0.0.1:57317
1668032974283	mozrunner::runner	INFO	Running command: "C:\\Program Files\\Mozilla Firefox\\firefox.exe" "--marionette" "--remote-debugging-port" "54679" "--remote-allow-hosts" "localhost" "--remote-allow-origins" "http://localhost:54679/" "-no-remote" "-profile" "C:\\Users\\jnazar\\AppData\\Local\\Temp\\rust_mozprofileZvUb6M"
1668032974998	Marionette	INFO	Marionette enabled
1668032975006	Marionette	INFO	Listening on port 52576
Read port: 52576
WebDriver BiDi listening on ws://127.0.0.1:54679
1668032975204	RemoteAgent	WARN	TLS certificate errors will be ignored for this session
console.warn: SearchSettings: "get: No settings file exists, new profile?" (new NotFoundError("Could not open the file at C:\\Users\\jnazar\\AppData\\Local\\Temp\\rust_mozprofileZvUb6M\\search.json.mozlz4", (void 0)))
DevTools listening on ws://127.0.0.1:54679/devtools/browser/7d71b06c-af38-4bdc-a4ed-7bed7d1c5f7e
lis 09, 2022 11:29:37 PM org.openqa.selenium.remote.ProtocolHandshake createSession
INFO: Detected upstream dialect: W3C
console.warn: LoginRecipes: "Falling back to a synchronous message for: https://rahulshettyacademy.com."
]]></system-err>
  </testcase>
  <testcase name="adultCheckboxNotSelectedTest" classname="rsa.Tests.ErrorRegisterTests" time="3.489">
    <system-err><![CDATA[1668032980925	Marionette	INFO	Stopped listening on port 52576
1668032982017	geckodriver	INFO	Listening on 127.0.0.1:62412
1668032982073	mozrunner::runner	INFO	Running command: "C:\\Program Files\\Mozilla Firefox\\firefox.exe" "--marionette" "--remote-debugging-port" "50917" "--remote-allow-hosts" "localhost" "--remote-allow-origins" "http://localhost:50917/" "-no-remote" "-profile" "C:\\Users\\jnazar\\AppData\\Local\\Temp\\rust_mozprofileb0IWN3"
1668032982870	Marionette	INFO	Marionette enabled
1668032982879	Marionette	INFO	Listening on port 52738
Read port: 52738
WebDriver BiDi listening on ws://127.0.0.1:50917
1668032983073	RemoteAgent	WARN	TLS certificate errors will be ignored for this session
console.warn: SearchSettings: "get: No settings file exists, new profile?" (new NotFoundError("Could not open the file at C:\\Users\\jnazar\\AppData\\Local\\Temp\\rust_mozprofileb0IWN3\\search.json.mozlz4", (void 0)))
DevTools listening on ws://127.0.0.1:50917/devtools/browser/16021017-978f-4847-a2c2-d63ef8e796e6
lis 09, 2022 11:29:45 PM org.openqa.selenium.remote.ProtocolHandshake createSession
INFO: Detected upstream dialect: W3C
console.warn: LoginRecipes: "Falling back to a synchronous message for: https://rahulshettyacademy.com."
console.warn: LoginRecipes: "Falling back to a synchronous message for: https://rahulshettyacademy.com."
]]></system-err>
  </testcase>
  <testcase name="wrongConfirmPasswordTest" classname="rsa.Tests.ErrorRegisterTests" time="3.968">
    <system-err><![CDATA[1668032988581	Marionette	INFO	Stopped listening on port 52738
1668032989512	geckodriver	INFO	Listening on 127.0.0.1:49753
1668032989534	mozrunner::runner	INFO	Running command: "C:\\Program Files\\Mozilla Firefox\\firefox.exe" "--marionette" "--remote-debugging-port" "62718" "--remote-allow-hosts" "localhost" "--remote-allow-origins" "http://localhost:62718/" "-no-remote" "-profile" "C:\\Users\\jnazar\\AppData\\Local\\Temp\\rust_mozprofile3eG6gN"
1668032990229	Marionette	INFO	Marionette enabled
1668032990235	Marionette	INFO	Listening on port 52946
Read port: 52946
WebDriver BiDi listening on ws://127.0.0.1:62718
1668032990403	RemoteAgent	WARN	TLS certificate errors will be ignored for this session
console.warn: SearchSettings: "get: No settings file exists, new profile?" (new NotFoundError("Could not open the file at C:\\Users\\jnazar\\AppData\\Local\\Temp\\rust_mozprofile3eG6gN\\search.json.mozlz4", (void 0)))
DevTools listening on ws://127.0.0.1:62718/devtools/browser/fa966f7a-115a-4eb1-92a1-aef26e1c6959
lis 09, 2022 11:29:52 PM org.openqa.selenium.remote.ProtocolHandshake createSession
INFO: Detected upstream dialect: W3C
console.warn: LoginRecipes: "Falling back to a synchronous message for: https://rahulshettyacademy.com."
console.warn: LoginRecipes: "Falling back to a synchronous message for: https://rahulshettyacademy.com."
]]></system-err>
  </testcase>
  <testcase name="wrongEmailTest" classname="rsa.Tests.ErrorRegisterTests" time="3.914">
    <system-err><![CDATA[1668032996277	Marionette	INFO	Stopped listening on port 52946
1668032997222	geckodriver	INFO	Listening on 127.0.0.1:56142
1668032997262	mozrunner::runner	INFO	Running command: "C:\\Program Files\\Mozilla Firefox\\firefox.exe" "--marionette" "--remote-debugging-port" "56777" "--remote-allow-hosts" "localhost" "--remote-allow-origins" "http://localhost:56777/" "-no-remote" "-profile" "C:\\Users\\jnazar\\AppData\\Local\\Temp\\rust_mozprofileQLXb9n"
1668032997985	Marionette	INFO	Marionette enabled
1668032997991	Marionette	INFO	Listening on port 53251
Read port: 53251
WebDriver BiDi listening on ws://127.0.0.1:56777
1668032998177	RemoteAgent	WARN	TLS certificate errors will be ignored for this session
console.warn: SearchSettings: "get: No settings file exists, new profile?" (new NotFoundError("Could not open the file at C:\\Users\\jnazar\\AppData\\Local\\Temp\\rust_mozprofileQLXb9n\\search.json.mozlz4", (void 0)))
DevTools listening on ws://127.0.0.1:56777/devtools/browser/f17dc5d6-21b5-4be4-94a5-6578d2fe8287
lis 09, 2022 11:30:00 PM org.openqa.selenium.remote.ProtocolHandshake createSession
INFO: Detected upstream dialect: W3C
console.warn: LoginRecipes: "Falling back to a synchronous message for: https://rahulshettyacademy.com."
console.warn: LoginRecipes: "Falling back to a synchronous message for: https://rahulshettyacademy.com."
]]></system-err>
  </testcase>
  <testcase name="wrongFirstNameTest" classname="rsa.Tests.ErrorRegisterTests" time="3.792">
    <system-err><![CDATA[1668033004003	Marionette	INFO	Stopped listening on port 53251
1668033004960	geckodriver	INFO	Listening on 127.0.0.1:54825
1668033004994	mozrunner::runner	INFO	Running command: "C:\\Program Files\\Mozilla Firefox\\firefox.exe" "--marionette" "--remote-debugging-port" "49766" "--remote-allow-hosts" "localhost" "--remote-allow-origins" "http://localhost:49766/" "-no-remote" "-profile" "C:\\Users\\jnazar\\AppData\\Local\\Temp\\rust_mozprofilerPQrOh"
1668033005680	Marionette	INFO	Marionette enabled
1668033005686	Marionette	INFO	Listening on port 53394
Read port: 53394
WebDriver BiDi listening on ws://127.0.0.1:49766
1668033005873	RemoteAgent	WARN	TLS certificate errors will be ignored for this session
console.warn: SearchSettings: "get: No settings file exists, new profile?" (new NotFoundError("Could not open the file at C:\\Users\\jnazar\\AppData\\Local\\Temp\\rust_mozprofilerPQrOh\\search.json.mozlz4", (void 0)))
DevTools listening on ws://127.0.0.1:49766/devtools/browser/22512e21-31a8-4e89-9db8-83d0a5e339cd
lis 09, 2022 11:30:07 PM org.openqa.selenium.remote.ProtocolHandshake createSession
INFO: Detected upstream dialect: W3C
console.warn: LoginRecipes: "Falling back to a synchronous message for: https://rahulshettyacademy.com."
console.warn: LoginRecipes: "Falling back to a synchronous message for: https://rahulshettyacademy.com."
]]></system-err>
  </testcase>
  <testcase name="wrongPasswordTest" classname="rsa.Tests.ErrorRegisterTests" time="3.784">
    <system-err><![CDATA[1668033011516	Marionette	INFO	Stopped listening on port 53394
1668033012452	geckodriver	INFO	Listening on 127.0.0.1:59084
1668033012489	mozrunner::runner	INFO	Running command: "C:\\Program Files\\Mozilla Firefox\\firefox.exe" "--marionette" "--remote-debugging-port" "54436" "--remote-allow-hosts" "localhost" "--remote-allow-origins" "http://localhost:54436/" "-no-remote" "-profile" "C:\\Users\\jnazar\\AppData\\Local\\Temp\\rust_mozprofile8pplzH"
1668033013195	Marionette	INFO	Marionette enabled
1668033013200	Marionette	INFO	Listening on port 53545
Read port: 53545
WebDriver BiDi listening on ws://127.0.0.1:54436
1668033013368	RemoteAgent	WARN	TLS certificate errors will be ignored for this session
console.warn: SearchSettings: "get: No settings file exists, new profile?" (new NotFoundError("Could not open the file at C:\\Users\\jnazar\\AppData\\Local\\Temp\\rust_mozprofile8pplzH\\search.json.mozlz4", (void 0)))
DevTools listening on ws://127.0.0.1:54436/devtools/browser/3a415aac-53c8-4083-affc-4b609c874370
lis 09, 2022 11:30:15 PM org.openqa.selenium.remote.ProtocolHandshake createSession
INFO: Detected upstream dialect: W3C
console.warn: LoginRecipes: "Falling back to a synchronous message for: https://rahulshettyacademy.com."
console.warn: LoginRecipes: "Falling back to a synchronous message for: https://rahulshettyacademy.com."
]]></system-err>
  </testcase>
  <testcase name="wrongPhoneNumberTest" classname="rsa.Tests.ErrorRegisterTests" time="3.548">
    <system-err><![CDATA[1668033019024	Marionette	INFO	Stopped listening on port 53545
1668033019945	geckodriver	INFO	Listening on 127.0.0.1:58884
1668033019980	mozrunner::runner	INFO	Running command: "C:\\Program Files\\Mozilla Firefox\\firefox.exe" "--marionette" "--remote-debugging-port" "60695" "--remote-allow-hosts" "localhost" "--remote-allow-origins" "http://localhost:60695/" "-no-remote" "-profile" "C:\\Users\\jnazar\\AppData\\Local\\Temp\\rust_mozprofile8cMWFt"
1668033020676	Marionette	INFO	Marionette enabled
1668033020681	Marionette	INFO	Listening on port 53789
Read port: 53789
WebDriver BiDi listening on ws://127.0.0.1:60695
1668033020859	RemoteAgent	WARN	TLS certificate errors will be ignored for this session
console.warn: SearchSettings: "get: No settings file exists, new profile?" (new NotFoundError("Could not open the file at C:\\Users\\jnazar\\AppData\\Local\\Temp\\rust_mozprofile8cMWFt\\search.json.mozlz4", (void 0)))
DevTools listening on ws://127.0.0.1:60695/devtools/browser/21fb06f5-a0d5-4622-9286-d028041da4d5
lis 09, 2022 11:30:22 PM org.openqa.selenium.remote.ProtocolHandshake createSession
INFO: Detected upstream dialect: W3C
console.warn: LoginRecipes: "Falling back to a synchronous message for: https://rahulshettyacademy.com."
console.warn: LoginRecipes: "Falling back to a synchronous message for: https://rahulshettyacademy.com."
]]></system-err>
  </testcase>
</testsuite>